
-----
Test:tests/test_user_auth.py::TestUserAuth::test_auth_user (setup)
Time:2023-07-15 09:58:56.318495
Request method: POST
Request URL: https://playground.learnqa.ru/api/user/login
Request data: {'email': 'vinkotov@example.com', 'password': '1234'}
Request headers: {}
Request cookies: {}

Response code: 200
Response text: {"user_id":2}
Response header: {'Date': 'Sat, 15 Jul 2023 06:58:55 GMT', 'Content-Type': 'application/json', 'Content-Length': '13', 'Connection': 'keep-alive', 'Keep-Alive': 'timeout=10', 'Server': 'Apache', 'Set-Cookie': 'auth_sid=857e3e73b12d6befc114895a7975824402e94918f1549272bcf2cafc2634fd9d', 'x-csrf-token': '0ff31811985c83d524211995de6ca17f931f7a1e02e94918f1549272bcf2cafc2634fd9d', 'Cache-Control': 'max-age=0', 'Expires': 'Sat, 15 Jul 2023 06:58:55 GMT'}
Response cookies: {'auth_sid': '857e3e73b12d6befc114895a7975824402e94918f1549272bcf2cafc2634fd9d'}

-----

-----
Test:tests/test_user_auth.py::TestUserAuth::test_auth_user (call)
Time:2023-07-15 09:58:56.421078
Request method: GET
Request URL: https://playground.learnqa.ru/api/user/auth
Request data: None
Request headers: {'x-csrf-token': '0ff31811985c83d524211995de6ca17f931f7a1e02e94918f1549272bcf2cafc2634fd9d'}
Request cookies: {'auth_sid': '857e3e73b12d6befc114895a7975824402e94918f1549272bcf2cafc2634fd9d'}

Response code: 200
Response text: {"user_id":2}
Response header: {'Date': 'Sat, 15 Jul 2023 06:58:55 GMT', 'Content-Type': 'application/json', 'Content-Length': '13', 'Connection': 'keep-alive', 'Keep-Alive': 'timeout=10', 'Server': 'Apache', 'Cache-Control': 'max-age=0', 'Expires': 'Sat, 15 Jul 2023 06:58:55 GMT'}
Response cookies: {}

-----

-----
Test:tests/test_user_auth.py::TestUserAuth::test_negative_auth_check[no_cookie] (setup)
Time:2023-07-15 09:58:56.587044
Request method: POST
Request URL: https://playground.learnqa.ru/api/user/login
Request data: {'email': 'vinkotov@example.com', 'password': '1234'}
Request headers: {}
Request cookies: {}

Response code: 200
Response text: {"user_id":2}
Response header: {'Date': 'Sat, 15 Jul 2023 06:58:55 GMT', 'Content-Type': 'application/json', 'Content-Length': '13', 'Connection': 'keep-alive', 'Keep-Alive': 'timeout=10', 'Server': 'Apache', 'Set-Cookie': 'auth_sid=9473625cfb3d679e4e5b53ebf5d6cce802e94918f1549272bcf2cafc2634fd9d', 'x-csrf-token': '68859c776fa91a015c549721984103ba3ec3506702e94918f1549272bcf2cafc2634fd9d', 'Cache-Control': 'max-age=0', 'Expires': 'Sat, 15 Jul 2023 06:58:55 GMT'}
Response cookies: {'auth_sid': '9473625cfb3d679e4e5b53ebf5d6cce802e94918f1549272bcf2cafc2634fd9d'}

-----

-----
Test:tests/test_user_auth.py::TestUserAuth::test_negative_auth_check[no_cookie] (call)
Time:2023-07-15 09:58:56.668717
Request method: GET
Request URL: https://playground.learnqa.ru/api/user/auth
Request data: None
Request headers: {'X-CSRFToken': '68859c776fa91a015c549721984103ba3ec3506702e94918f1549272bcf2cafc2634fd9d'}
Request cookies: {}

Response code: 200
Response text: {"user_id":0}
Response header: {'Date': 'Sat, 15 Jul 2023 06:58:55 GMT', 'Content-Type': 'application/json', 'Content-Length': '13', 'Connection': 'keep-alive', 'Keep-Alive': 'timeout=10', 'Server': 'Apache', 'Cache-Control': 'max-age=0', 'Expires': 'Sat, 15 Jul 2023 06:58:55 GMT'}
Response cookies: {}

-----

-----
Test:tests/test_user_auth.py::TestUserAuth::test_negative_auth_check[no_token] (setup)
Time:2023-07-15 09:58:56.837901
Request method: POST
Request URL: https://playground.learnqa.ru/api/user/login
Request data: {'email': 'vinkotov@example.com', 'password': '1234'}
Request headers: {}
Request cookies: {}

Response code: 200
Response text: {"user_id":2}
Response header: {'Date': 'Sat, 15 Jul 2023 06:58:56 GMT', 'Content-Type': 'application/json', 'Content-Length': '13', 'Connection': 'keep-alive', 'Keep-Alive': 'timeout=10', 'Server': 'Apache', 'Set-Cookie': 'auth_sid=d7386a17481578b422761e79a582616402e94918f1549272bcf2cafc2634fd9d', 'x-csrf-token': '89e3395f806a0c73b719311ff09392808c75a6d502e94918f1549272bcf2cafc2634fd9d', 'Cache-Control': 'max-age=0', 'Expires': 'Sat, 15 Jul 2023 06:58:56 GMT'}
Response cookies: {'auth_sid': 'd7386a17481578b422761e79a582616402e94918f1549272bcf2cafc2634fd9d'}

-----

-----
Test:tests/test_user_auth.py::TestUserAuth::test_negative_auth_check[no_token] (call)
Time:2023-07-15 09:58:56.924282
Request method: GET
Request URL: https://playground.learnqa.ru/api/user/auth
Request data: None
Request headers: {}
Request cookies: {'auth_sid': 'd7386a17481578b422761e79a582616402e94918f1549272bcf2cafc2634fd9d'}

Response code: 200
Response text: {"user_id":0}
Response header: {'Date': 'Sat, 15 Jul 2023 06:58:56 GMT', 'Content-Type': 'application/json', 'Content-Length': '13', 'Connection': 'keep-alive', 'Keep-Alive': 'timeout=10', 'Server': 'Apache', 'Cache-Control': 'max-age=0', 'Expires': 'Sat, 15 Jul 2023 06:58:56 GMT'}
Response cookies: {}

-----

-----
Test:tests/test_user_edit.py::TestUserEdit::test_edit_just_created_user (call)
Time:2023-07-15 09:58:57.099725
Request method: POST
Request URL: https://playground.learnqa.ru/api/user/
Request data: {'password': '123', 'username': 'learnqa', 'firstName': 'learnqa', 'lastName': 'learnqa', 'email': 'learnqa07-15-202309%M57@example.com'}
Request headers: {}
Request cookies: {}

Response code: 200
Response text: {"id":"75787"}
Response header: {'Date': 'Sat, 15 Jul 2023 06:58:56 GMT', 'Content-Type': 'application/json', 'Content-Length': '14', 'Connection': 'keep-alive', 'Keep-Alive': 'timeout=10', 'Server': 'Apache', 'Cache-Control': 'max-age=0', 'Expires': 'Sat, 15 Jul 2023 06:58:56 GMT'}
Response cookies: {}

-----

-----
Test:tests/test_user_edit.py::TestUserEdit::test_edit_just_created_user (call)
Time:2023-07-15 09:58:57.706997
Request method: POST
Request URL: https://playground.learnqa.ru/api/user/login
Request data: {'email': 'learnqa07-15-202309%M57@example.com', 'password': '123'}
Request headers: {}
Request cookies: {}

Response code: 200
Response text: {"user_id":75787}
Response header: {'Date': 'Sat, 15 Jul 2023 06:58:56 GMT', 'Content-Type': 'application/json', 'Content-Length': '17', 'Connection': 'keep-alive', 'Keep-Alive': 'timeout=10', 'Server': 'Apache', 'Set-Cookie': 'auth_sid=868503ac252dffbcb00fdab40b7a9c78ee8fadeca2990986c41d1790a34e0793', 'x-csrf-token': '89e3395f806a0c73b719311ff09392808c75a6d5ee8fadeca2990986c41d1790a34e0793', 'Cache-Control': 'max-age=0', 'Expires': 'Sat, 15 Jul 2023 06:58:56 GMT'}
Response cookies: {'auth_sid': '868503ac252dffbcb00fdab40b7a9c78ee8fadeca2990986c41d1790a34e0793'}

-----

-----
Test:tests/test_user_edit.py::TestUserEdit::test_edit_just_created_user (call)
Time:2023-07-15 09:58:57.820089
Request method: PUT
Request URL: https://playground.learnqa.ru/api/user/75787
Request data: {'firstName': 'Changed Name'}
Request headers: {'x-csrf-token': '89e3395f806a0c73b719311ff09392808c75a6d5ee8fadeca2990986c41d1790a34e0793'}
Request cookies: {'auth_sid': '868503ac252dffbcb00fdab40b7a9c78ee8fadeca2990986c41d1790a34e0793'}

Response code: 200
Response text: 
Response header: {'Date': 'Sat, 15 Jul 2023 06:58:57 GMT', 'Content-Type': 'text/html; charset=utf-8', 'Content-Length': '0', 'Connection': 'keep-alive', 'Keep-Alive': 'timeout=10', 'Server': 'Apache', 'Cache-Control': 'max-age=0', 'Expires': 'Sat, 15 Jul 2023 06:58:57 GMT'}
Response cookies: {}

-----

-----
Test:tests/test_user_edit.py::TestUserEdit::test_edit_just_created_user (call)
Time:2023-07-15 09:58:58.535295
Request method: GET
Request URL: https://playground.learnqa.ru/api/user/75787
Request data: None
Request headers: {'x-csrf-token': '89e3395f806a0c73b719311ff09392808c75a6d5ee8fadeca2990986c41d1790a34e0793'}
Request cookies: {'auth_sid': '868503ac252dffbcb00fdab40b7a9c78ee8fadeca2990986c41d1790a34e0793'}

Response code: 200
Response text: {"id":"75787","username":"learnqa","email":"learnqa07-15-202309%M57@example.com","firstName":"Changed Name","lastName":"learnqa"}
Response header: {'Date': 'Sat, 15 Jul 2023 06:58:58 GMT', 'Content-Type': 'application/json', 'Transfer-Encoding': 'chunked', 'Connection': 'keep-alive', 'Keep-Alive': 'timeout=10', 'Vary': 'Accept-Encoding', 'Server': 'Apache', 'Cache-Control': 'max-age=0', 'Expires': 'Sat, 15 Jul 2023 06:58:57 GMT', 'Content-Encoding': 'gzip'}
Response cookies: {}

-----

-----
Test:tests/test_user_get.py::TestUserGet::test_get_user_details_not_auth (call)
Time:2023-07-15 09:58:59.157445
Request method: GET
Request URL: https://playground.learnqa.ru/api/user/2
Request data: None
Request headers: {}
Request cookies: {}

Response code: 200
Response text: {"username":"Vitaliy"}
Response header: {'Date': 'Sat, 15 Jul 2023 06:58:58 GMT', 'Content-Type': 'application/json', 'Transfer-Encoding': 'chunked', 'Connection': 'keep-alive', 'Keep-Alive': 'timeout=10', 'Vary': 'Accept-Encoding', 'Server': 'Apache', 'Cache-Control': 'max-age=0', 'Expires': 'Sat, 15 Jul 2023 06:58:58 GMT', 'Content-Encoding': 'gzip'}
Response cookies: {}

-----

-----
Test:tests/test_user_get.py::TestUserGet::test_get_user_details_auth_as_same_user (call)
Time:2023-07-15 09:58:59.868056
Request method: POST
Request URL: https://playground.learnqa.ru/api/user/login
Request data: {'email': 'vinkotov@example.com', 'password': '1234'}
Request headers: {}
Request cookies: {}

Response code: 200
Response text: {"user_id":2}
Response header: {'Date': 'Sat, 15 Jul 2023 06:58:59 GMT', 'Content-Type': 'application/json', 'Content-Length': '13', 'Connection': 'keep-alive', 'Keep-Alive': 'timeout=10', 'Server': 'Apache', 'Set-Cookie': 'auth_sid=ad0021bcd9ab77051f55b04c3c043e3d02e94918f1549272bcf2cafc2634fd9d', 'x-csrf-token': 'cb5b93f91b0d324e2cda39e8b839afa79af915e502e94918f1549272bcf2cafc2634fd9d', 'Cache-Control': 'max-age=0', 'Expires': 'Sat, 15 Jul 2023 06:58:59 GMT'}
Response cookies: {'auth_sid': 'ad0021bcd9ab77051f55b04c3c043e3d02e94918f1549272bcf2cafc2634fd9d'}

-----

-----
Test:tests/test_user_get.py::TestUserGet::test_get_user_details_auth_as_same_user (call)
Time:2023-07-15 09:58:59.958468
Request method: GET
Request URL: https://playground.learnqa.ru/api/user/2
Request data: None
Request headers: {'x-csrf-token': 'cb5b93f91b0d324e2cda39e8b839afa79af915e502e94918f1549272bcf2cafc2634fd9d'}
Request cookies: {'auth_sid': 'ad0021bcd9ab77051f55b04c3c043e3d02e94918f1549272bcf2cafc2634fd9d'}

Response code: 200
Response text: {"id":"2","username":"Vitaliy","email":"vinkotov@example.com","firstName":"Vitalii","lastName":"Kotov"}
Response header: {'Date': 'Sat, 15 Jul 2023 06:58:59 GMT', 'Content-Type': 'application/json', 'Transfer-Encoding': 'chunked', 'Connection': 'keep-alive', 'Keep-Alive': 'timeout=10', 'Vary': 'Accept-Encoding', 'Server': 'Apache', 'Cache-Control': 'max-age=0', 'Expires': 'Sat, 15 Jul 2023 06:58:59 GMT', 'Content-Encoding': 'gzip'}
Response cookies: {}

-----

-----
Test:tests/test_user_register.py::TestUserRegister::test_create_user_successfully (call)
Time:2023-07-15 09:59:00.624945
Request method: POST
Request URL: https://playground.learnqa.ru/api/user/
Request data: {'password': '123', 'username': 'learnqa', 'firstName': 'learnqa', 'lastName': 'learnqa', 'email': 'learnqa07-15-202309%M00@example.com'}
Request headers: {}
Request cookies: {}

Response code: 200
Response text: {"id":"75788"}
Response header: {'Date': 'Sat, 15 Jul 2023 06:59:00 GMT', 'Content-Type': 'application/json', 'Content-Length': '14', 'Connection': 'keep-alive', 'Keep-Alive': 'timeout=10', 'Server': 'Apache', 'Cache-Control': 'max-age=0', 'Expires': 'Sat, 15 Jul 2023 06:58:59 GMT'}
Response cookies: {}

-----

-----
Test:tests/test_user_register.py::TestUserRegister::test_create_user_with_existing_email (call)
Time:2023-07-15 09:59:01.218570
Request method: POST
Request URL: https://playground.learnqa.ru/api/user/
Request data: {'password': '123', 'username': 'learnqa', 'firstName': 'learnqa', 'lastName': 'learnqa', 'email': 'vinkotov@example.com'}
Request headers: {}
Request cookies: {}

Response code: 400
Response text: Users with email 'vinkotov@example.com' already exists
Response header: {'Date': 'Sat, 15 Jul 2023 06:59:00 GMT', 'Content-Type': 'text/html; charset=utf-8', 'Content-Length': '54', 'Connection': 'keep-alive', 'Keep-Alive': 'timeout=10', 'Server': 'Apache'}
Response cookies: {}

-----
