
-----
Test:test_user_register.py::TestUserRegister::test_create_user_successfull (call)
Time:2023-08-22 06:07:06.528712
Request method: POST
Request URL: https://reqres.in/api/register
Request data: {'password': 'pistol', 'email': 'eve.holt@reqres.in'}
Request headers: {}
Request cookies: {}

Response code: 200
Response text: {"id":4,"token":"QpwL5tke4Pnpja7X4"}
Response header: {'Date': 'Tue, 22 Aug 2023 03:07:06 GMT', 'Content-Type': 'application/json; charset=utf-8', 'Content-Length': '36', 'Connection': 'keep-alive', 'X-Powered-By': 'Express', 'Access-Control-Allow-Origin': '*', 'Etag': 'W/"24-4iP0za1geN2he+ohu8F0FhCjLks"', 'Via': '1.1 vegur', 'CF-Cache-Status': 'DYNAMIC', 'Report-To': '{"endpoints":[{"url":"https:\\/\\/a.nel.cloudflare.com\\/report\\/v3?s=XFucB1fmBtFmSRWGfntOkgh97PuCzyDjpO%2BTVo6MND3ktjfY2y3NaNhSUBbljSWEx9aJRdjC2pjKnzFgBZFgDZbnnjWG2EhmvVx%2BN8b%2Fj7t9kIOn2%2FlcfNQ8bg%3D%3D"}],"group":"cf-nel","max_age":604800}', 'NEL': '{"success_fraction":0,"report_to":"cf-nel","max_age":604800}', 'Server': 'cloudflare', 'CF-RAY': '7fa7e7578bf416c7-DME'}
Response cookies: {}

-----

-----
Test:test_user_register.py::TestUserRegister::test_create_user_unsuccessful (call)
Time:2023-08-22 06:07:06.817136
Request method: POST
Request URL: https://reqres.in/api/register
Request data: {'password': 'Nope', 'email': 'FergusAndersen@reqres.in'}
Request headers: {}
Request cookies: {}

Response code: 400
Response text: {"error":"Note: Only defined users succeed registration"}
Response header: {'Date': 'Tue, 22 Aug 2023 03:07:07 GMT', 'Content-Type': 'application/json; charset=utf-8', 'Content-Length': '57', 'Connection': 'keep-alive', 'X-Powered-By': 'Express', 'Access-Control-Allow-Origin': '*', 'Etag': 'W/"39-6jrJxn+7f+pQUhbPgNMst7tagpA"', 'Via': '1.1 vegur', 'CF-Cache-Status': 'DYNAMIC', 'Report-To': '{"endpoints":[{"url":"https:\\/\\/a.nel.cloudflare.com\\/report\\/v3?s=nxPYcVq7rUPy50O1td8aJBKBR%2BEVGANQMxIeH7vj8VAelrrmhzsxKeykhhGHy1VvMHp1wKGFfWu93hzDHIXdg41DnB3UyCcWLIJzhYUHz30kErqTKvF9flOvbA%3D%3D"}],"group":"cf-nel","max_age":604800}', 'NEL': '{"success_fraction":0,"report_to":"cf-nel","max_age":604800}', 'Server': 'cloudflare', 'CF-RAY': '7fa7e7594e150065-DME'}
Response cookies: {}

-----
