
-----
Test:test_user_register.py::TestUserRegister::test_create_user_successfull (call)
Time:2023-08-22 08:10:49.276576
Request method: POST
Request URL: https://reqres.in/api/register
Request data: {'email': 'eve.holt@reqres.in', 'password': 'pistol'}
Request headers: {}
Request cookies: {}

Response code: 200
Response text: {"id":4,"token":"QpwL5tke4Pnpja7X4"}
Response header: {'Date': 'Tue, 22 Aug 2023 05:10:50 GMT', 'Content-Type': 'application/json; charset=utf-8', 'Content-Length': '36', 'Connection': 'keep-alive', 'X-Powered-By': 'Express', 'Access-Control-Allow-Origin': '*', 'Etag': 'W/"24-4iP0za1geN2he+ohu8F0FhCjLks"', 'Via': '1.1 vegur', 'CF-Cache-Status': 'DYNAMIC', 'Report-To': '{"endpoints":[{"url":"https:\\/\\/a.nel.cloudflare.com\\/report\\/v3?s=7GtCFAW0no4hjQOhGaSiMJ948Ho3d%2B0VgStr0t6pK72EXEgQWX4773iH0dHl4HGjhfXPuk8LaQpB1HfSBU%2FU1D%2FhqNyG0%2F3cYnG6UJpV%2Brm%2FSMrKVSrx1mR1eQ%3D%3D"}],"group":"cf-nel","max_age":604800}', 'NEL': '{"success_fraction":0,"report_to":"cf-nel","max_age":604800}', 'Server': 'cloudflare', 'CF-RAY': '7fa89c921ebf9d45-DME'}
Response cookies: {}

-----

-----
Test:test_user_register.py::TestUserRegister::test_create_user_unsuccessful (call)
Time:2023-08-22 08:10:49.604279
Request method: POST
Request URL: https://reqres.in/api/register
Request data: {'email': 'FergusAndersen@reqres.in', 'password': 'Nope'}
Request headers: {}
Request cookies: {}

Response code: 400
Response text: {"error":"Note: Only defined users succeed registration"}
Response header: {'Date': 'Tue, 22 Aug 2023 05:10:50 GMT', 'Content-Type': 'application/json; charset=utf-8', 'Content-Length': '57', 'Connection': 'keep-alive', 'X-Powered-By': 'Express', 'Access-Control-Allow-Origin': '*', 'Etag': 'W/"39-6jrJxn+7f+pQUhbPgNMst7tagpA"', 'Via': '1.1 vegur', 'CF-Cache-Status': 'DYNAMIC', 'Report-To': '{"endpoints":[{"url":"https:\\/\\/a.nel.cloudflare.com\\/report\\/v3?s=f1Z3vYBF5nbCX%2B8%2BSPwj30tD13IV%2BjxDpsc1mSlFyfX0f2fwqTHsPdFyfa08yRq4ZJo%2FLJoKuZiNZcDKlmV%2FjkGu%2FV0K7%2BWUtgGZhiWSnmolFGcv%2BRn6sMYS2w%3D%3D"}],"group":"cf-nel","max_age":604800}', 'NEL': '{"success_fraction":0,"report_to":"cf-nel","max_age":604800}', 'Server': 'cloudflare', 'CF-RAY': '7fa89c93fef4163d-DME'}
Response cookies: {}

-----
