
-----
Test:tests/test_user_auth.py::TestUserAuth::test_auth_user (setup)
Time:2023-07-18 08:31:54.559152
Request method: POST
Request URL: https://playground.learnqa.ru/api/user/login
Request data: {'email': 'vinkotov@example.com', 'password': '1234'}
Request headers: {}
Request cookies: {}

Response code: 200
Response text: {"user_id":2}
Response header: {'Date': 'Tue, 18 Jul 2023 08:31:54 GMT', 'Content-Type': 'application/json', 'Content-Length': '13', 'Connection': 'keep-alive', 'Keep-Alive': 'timeout=10', 'Server': 'Apache', 'Set-Cookie': 'auth_sid=63823ecd3136e08d7725eeccae3746c002e94918f1549272bcf2cafc2634fd9d', 'x-csrf-token': '2c7fae6d29c8aaa93233790fd313227b7b91f59802e94918f1549272bcf2cafc2634fd9d', 'Cache-Control': 'max-age=0', 'Expires': 'Tue, 18 Jul 2023 08:31:54 GMT'}
Response cookies: {'auth_sid': '63823ecd3136e08d7725eeccae3746c002e94918f1549272bcf2cafc2634fd9d'}

-----

-----
Test:tests/test_user_auth.py::TestUserAuth::test_auth_user (call)
Time:2023-07-18 08:31:54.731877
Request method: GET
Request URL: https://playground.learnqa.ru/api/user/auth
Request data: None
Request headers: {'x-csrf-token': '2c7fae6d29c8aaa93233790fd313227b7b91f59802e94918f1549272bcf2cafc2634fd9d'}
Request cookies: {'auth_sid': '63823ecd3136e08d7725eeccae3746c002e94918f1549272bcf2cafc2634fd9d'}

Response code: 200
Response text: {"user_id":2}
Response header: {'Date': 'Tue, 18 Jul 2023 08:31:54 GMT', 'Content-Type': 'application/json', 'Content-Length': '13', 'Connection': 'keep-alive', 'Keep-Alive': 'timeout=10', 'Server': 'Apache', 'Cache-Control': 'max-age=0', 'Expires': 'Tue, 18 Jul 2023 08:31:54 GMT'}
Response cookies: {}

-----

-----
Test:tests/test_user_auth.py::TestUserAuth::test_negative_auth_check[no_cookie] (setup)
Time:2023-07-18 08:31:54.958833
Request method: POST
Request URL: https://playground.learnqa.ru/api/user/login
Request data: {'email': 'vinkotov@example.com', 'password': '1234'}
Request headers: {}
Request cookies: {}

Response code: 200
Response text: {"user_id":2}
Response header: {'Date': 'Tue, 18 Jul 2023 08:31:54 GMT', 'Content-Type': 'application/json', 'Content-Length': '13', 'Connection': 'keep-alive', 'Keep-Alive': 'timeout=10', 'Server': 'Apache', 'Set-Cookie': 'auth_sid=26b4d080427e8c49497574d56fd3eecf02e94918f1549272bcf2cafc2634fd9d', 'x-csrf-token': 'ff78152974519e3a2a85d48fff6975ba4f61133602e94918f1549272bcf2cafc2634fd9d', 'Cache-Control': 'max-age=0', 'Expires': 'Tue, 18 Jul 2023 08:31:54 GMT'}
Response cookies: {'auth_sid': '26b4d080427e8c49497574d56fd3eecf02e94918f1549272bcf2cafc2634fd9d'}

-----

-----
Test:tests/test_user_auth.py::TestUserAuth::test_negative_auth_check[no_cookie] (call)
Time:2023-07-18 08:31:55.091802
Request method: GET
Request URL: https://playground.learnqa.ru/api/user/auth
Request data: None
Request headers: {'X-CSRFToken': 'ff78152974519e3a2a85d48fff6975ba4f61133602e94918f1549272bcf2cafc2634fd9d'}
Request cookies: {}

Response code: 200
Response text: {"user_id":0}
Response header: {'Date': 'Tue, 18 Jul 2023 08:31:55 GMT', 'Content-Type': 'application/json', 'Content-Length': '13', 'Connection': 'keep-alive', 'Keep-Alive': 'timeout=10', 'Server': 'Apache', 'Cache-Control': 'max-age=0', 'Expires': 'Tue, 18 Jul 2023 08:31:55 GMT'}
Response cookies: {}

-----

-----
Test:tests/test_user_auth.py::TestUserAuth::test_negative_auth_check[no_token] (setup)
Time:2023-07-18 08:31:55.343967
Request method: POST
Request URL: https://playground.learnqa.ru/api/user/login
Request data: {'email': 'vinkotov@example.com', 'password': '1234'}
Request headers: {}
Request cookies: {}

Response code: 200
Response text: {"user_id":2}
Response header: {'Date': 'Tue, 18 Jul 2023 08:31:55 GMT', 'Content-Type': 'application/json', 'Content-Length': '13', 'Connection': 'keep-alive', 'Keep-Alive': 'timeout=10', 'Server': 'Apache', 'Set-Cookie': 'auth_sid=724cc8b009a3d189cb08bd96ffcbf4d902e94918f1549272bcf2cafc2634fd9d', 'x-csrf-token': '00208007155011ae4ba8690b17b5558713e2a17c02e94918f1549272bcf2cafc2634fd9d', 'Cache-Control': 'max-age=0', 'Expires': 'Tue, 18 Jul 2023 08:31:55 GMT'}
Response cookies: {'auth_sid': '724cc8b009a3d189cb08bd96ffcbf4d902e94918f1549272bcf2cafc2634fd9d'}

-----

-----
Test:tests/test_user_auth.py::TestUserAuth::test_negative_auth_check[no_token] (call)
Time:2023-07-18 08:31:55.465684
Request method: GET
Request URL: https://playground.learnqa.ru/api/user/auth
Request data: None
Request headers: {}
Request cookies: {'auth_sid': '724cc8b009a3d189cb08bd96ffcbf4d902e94918f1549272bcf2cafc2634fd9d'}

Response code: 200
Response text: {"user_id":0}
Response header: {'Date': 'Tue, 18 Jul 2023 08:31:55 GMT', 'Content-Type': 'application/json', 'Content-Length': '13', 'Connection': 'keep-alive', 'Keep-Alive': 'timeout=10', 'Server': 'Apache', 'Cache-Control': 'max-age=0', 'Expires': 'Tue, 18 Jul 2023 08:31:55 GMT'}
Response cookies: {}

-----

-----
Test:tests/test_user_edit.py::TestUserEdit::test_edit_just_created_user (call)
Time:2023-07-18 08:31:55.739868
Request method: POST
Request URL: https://playground.learnqa.ru/api/user/
Request data: {'password': '123', 'username': 'learnqa', 'firstName': 'learnqa', 'lastName': 'learnqa', 'email': 'learnqa07-18-202308%M55@example.com'}
Request headers: {}
Request cookies: {}

Response code: 200
Response text: {"id":"75952"}
Response header: {'Date': 'Tue, 18 Jul 2023 08:31:56 GMT', 'Content-Type': 'application/json', 'Content-Length': '14', 'Connection': 'keep-alive', 'Keep-Alive': 'timeout=10', 'Server': 'Apache', 'Cache-Control': 'max-age=0', 'Expires': 'Tue, 18 Jul 2023 08:31:55 GMT'}
Response cookies: {}

-----

-----
Test:tests/test_user_edit.py::TestUserEdit::test_edit_just_created_user (call)
Time:2023-07-18 08:31:56.379361
Request method: POST
Request URL: https://playground.learnqa.ru/api/user/login
Request data: {'email': 'learnqa07-18-202308%M55@example.com', 'password': '123'}
Request headers: {}
Request cookies: {}

Response code: 200
Response text: {"user_id":75952}
Response header: {'Date': 'Tue, 18 Jul 2023 08:31:56 GMT', 'Content-Type': 'application/json', 'Content-Length': '17', 'Connection': 'keep-alive', 'Keep-Alive': 'timeout=10', 'Server': 'Apache', 'Set-Cookie': 'auth_sid=cc289a41688558c915795ed2139b150d5f1eb161f489bf79be8a87fb04157663', 'x-csrf-token': '1ac71fd1dad96ed37b603e57dae4f18f1daaf1245f1eb161f489bf79be8a87fb04157663', 'Cache-Control': 'max-age=0', 'Expires': 'Tue, 18 Jul 2023 08:31:56 GMT'}
Response cookies: {'auth_sid': 'cc289a41688558c915795ed2139b150d5f1eb161f489bf79be8a87fb04157663'}

-----

-----
Test:tests/test_user_edit.py::TestUserEdit::test_edit_just_created_user (call)
Time:2023-07-18 08:31:56.512265
Request method: PUT
Request URL: https://playground.learnqa.ru/api/user/75952
Request data: {'firstName': 'Changed Name'}
Request headers: {'x-csrf-token': '1ac71fd1dad96ed37b603e57dae4f18f1daaf1245f1eb161f489bf79be8a87fb04157663'}
Request cookies: {'auth_sid': 'cc289a41688558c915795ed2139b150d5f1eb161f489bf79be8a87fb04157663'}

Response code: 200
Response text: 
Response header: {'Date': 'Tue, 18 Jul 2023 08:31:57 GMT', 'Content-Type': 'text/html; charset=utf-8', 'Content-Length': '0', 'Connection': 'keep-alive', 'Keep-Alive': 'timeout=10', 'Server': 'Apache', 'Cache-Control': 'max-age=0', 'Expires': 'Tue, 18 Jul 2023 08:31:56 GMT'}
Response cookies: {}

-----

-----
Test:tests/test_user_edit.py::TestUserEdit::test_edit_just_created_user (call)
Time:2023-07-18 08:31:57.219008
Request method: GET
Request URL: https://playground.learnqa.ru/api/user/75952
Request data: None
Request headers: {'x-csrf-token': '1ac71fd1dad96ed37b603e57dae4f18f1daaf1245f1eb161f489bf79be8a87fb04157663'}
Request cookies: {'auth_sid': 'cc289a41688558c915795ed2139b150d5f1eb161f489bf79be8a87fb04157663'}

Response code: 200
Response text: {"id":"75952","username":"learnqa","email":"learnqa07-18-202308%M55@example.com","firstName":"Changed Name","lastName":"learnqa"}
Response header: {'Date': 'Tue, 18 Jul 2023 08:31:57 GMT', 'Content-Type': 'application/json', 'Transfer-Encoding': 'chunked', 'Connection': 'keep-alive', 'Keep-Alive': 'timeout=10', 'Vary': 'Accept-Encoding', 'Server': 'Apache', 'Cache-Control': 'max-age=0', 'Expires': 'Tue, 18 Jul 2023 08:31:57 GMT', 'Content-Encoding': 'gzip'}
Response cookies: {}

-----

-----
Test:tests/test_user_get.py::TestUserGet::test_get_user_details_not_auth (call)
Time:2023-07-18 08:31:57.863738
Request method: GET
Request URL: https://playground.learnqa.ru/api/user/2
Request data: None
Request headers: {}
Request cookies: {}

Response code: 200
Response text: {"username":"Vitaliy"}
Response header: {'Date': 'Tue, 18 Jul 2023 08:31:58 GMT', 'Content-Type': 'application/json', 'Transfer-Encoding': 'chunked', 'Connection': 'keep-alive', 'Keep-Alive': 'timeout=10', 'Vary': 'Accept-Encoding', 'Server': 'Apache', 'Cache-Control': 'max-age=0', 'Expires': 'Tue, 18 Jul 2023 08:31:57 GMT', 'Content-Encoding': 'gzip'}
Response cookies: {}

-----

-----
Test:tests/test_user_get.py::TestUserGet::test_get_user_details_auth_as_same_user (call)
Time:2023-07-18 08:31:58.587879
Request method: POST
Request URL: https://playground.learnqa.ru/api/user/login
Request data: {'email': 'vinkotov@example.com', 'password': '1234'}
Request headers: {}
Request cookies: {}

Response code: 200
Response text: {"user_id":2}
Response header: {'Date': 'Tue, 18 Jul 2023 08:31:58 GMT', 'Content-Type': 'application/json', 'Content-Length': '13', 'Connection': 'keep-alive', 'Keep-Alive': 'timeout=10', 'Server': 'Apache', 'Set-Cookie': 'auth_sid=7a6cf67db5b3895747416dad741ec4fe02e94918f1549272bcf2cafc2634fd9d', 'x-csrf-token': '4b888a697516048ccc3f117094025ff446b55a1402e94918f1549272bcf2cafc2634fd9d', 'Cache-Control': 'max-age=0', 'Expires': 'Tue, 18 Jul 2023 08:31:58 GMT'}
Response cookies: {'auth_sid': '7a6cf67db5b3895747416dad741ec4fe02e94918f1549272bcf2cafc2634fd9d'}

-----

-----
Test:tests/test_user_get.py::TestUserGet::test_get_user_details_auth_as_same_user (call)
Time:2023-07-18 08:31:58.718789
Request method: GET
Request URL: https://playground.learnqa.ru/api/user/2
Request data: None
Request headers: {'x-csrf-token': '4b888a697516048ccc3f117094025ff446b55a1402e94918f1549272bcf2cafc2634fd9d'}
Request cookies: {'auth_sid': '7a6cf67db5b3895747416dad741ec4fe02e94918f1549272bcf2cafc2634fd9d'}

Response code: 200
Response text: {"id":"2","username":"Vitaliy","email":"vinkotov@example.com","firstName":"Vitalii","lastName":"Kotov"}
Response header: {'Date': 'Tue, 18 Jul 2023 08:31:59 GMT', 'Content-Type': 'application/json', 'Transfer-Encoding': 'chunked', 'Connection': 'keep-alive', 'Keep-Alive': 'timeout=10', 'Vary': 'Accept-Encoding', 'Server': 'Apache', 'Cache-Control': 'max-age=0', 'Expires': 'Tue, 18 Jul 2023 08:31:58 GMT', 'Content-Encoding': 'gzip'}
Response cookies: {}

-----

-----
Test:tests/test_user_register.py::TestUserRegister::test_create_user_successfully (call)
Time:2023-07-18 08:31:59.443349
Request method: POST
Request URL: https://playground.learnqa.ru/api/user/
Request data: {'password': '123', 'username': 'learnqa', 'firstName': 'learnqa', 'lastName': 'learnqa', 'email': 'learnqa07-18-202308%M59@example.com'}
Request headers: {}
Request cookies: {}

Response code: 200
Response text: {"id":"75953"}
Response header: {'Date': 'Tue, 18 Jul 2023 08:31:59 GMT', 'Content-Type': 'application/json', 'Content-Length': '14', 'Connection': 'keep-alive', 'Keep-Alive': 'timeout=10', 'Server': 'Apache', 'Cache-Control': 'max-age=0', 'Expires': 'Tue, 18 Jul 2023 08:31:59 GMT'}
Response cookies: {}

-----

-----
Test:tests/test_user_register.py::TestUserRegister::test_create_user_with_existing_email (call)
Time:2023-07-18 08:32:00.087797
Request method: POST
Request URL: https://playground.learnqa.ru/api/user/
Request data: {'password': '123', 'username': 'learnqa', 'firstName': 'learnqa', 'lastName': 'learnqa', 'email': 'vinkotov@example.com'}
Request headers: {}
Request cookies: {}

Response code: 400
Response text: Users with email 'vinkotov@example.com' already exists
Response header: {'Date': 'Tue, 18 Jul 2023 08:32:00 GMT', 'Content-Type': 'text/html; charset=utf-8', 'Content-Length': '54', 'Connection': 'keep-alive', 'Keep-Alive': 'timeout=10', 'Server': 'Apache'}
Response cookies: {}

-----
