
-----
Test:test_user_register.py::TestUserRegister::test_create_user_successfull (call)
Time:2023-08-22 14:45:56.395117
Request method: POST
Request URL: https://reqres.in/api/register
Request data: {'email': 'eve.holt@reqres.in', 'password': 'pistol'}
Request headers: {}
Request cookies: {}

Response code: 200
Response text: {"id":4,"token":"QpwL5tke4Pnpja7X4"}
Response header: {'Date': 'Tue, 22 Aug 2023 11:45:54 GMT', 'Content-Type': 'application/json; charset=utf-8', 'Content-Length': '36', 'Connection': 'keep-alive', 'X-Powered-By': 'Express', 'Access-Control-Allow-Origin': '*', 'Etag': 'W/"24-4iP0za1geN2he+ohu8F0FhCjLks"', 'Via': '1.1 vegur', 'CF-Cache-Status': 'DYNAMIC', 'Report-To': '{"endpoints":[{"url":"https:\\/\\/a.nel.cloudflare.com\\/report\\/v3?s=8y2dkNT5P7hwYqpdVfEUzMp2aummXoqNHBbPKvgdtP1H53uxR2cXhaYwqhuChmzeEpFHC5scOtv4GlR6zj7qDCynJ3PIY62TW%2F4VGLycLz6jP4goiNUa840Ddg%3D%3D"}],"group":"cf-nel","max_age":604800}', 'NEL': '{"success_fraction":0,"report_to":"cf-nel","max_age":604800}', 'Server': 'cloudflare', 'CF-RAY': '7faadf4c8d1c7903-DME'}
Response cookies: {}

-----

-----
Test:test_user_register.py::TestUserRegister::test_create_user_unsuccessful (call)
Time:2023-08-22 14:45:56.807906
Request method: POST
Request URL: https://reqres.in/api/register
Request data: {'email': 'FergusAndersen@reqres.in', 'password': 'Nope'}
Request headers: {}
Request cookies: {}

Response code: 400
Response text: {"error":"Note: Only defined users succeed registration"}
Response header: {'Date': 'Tue, 22 Aug 2023 11:45:55 GMT', 'Content-Type': 'application/json; charset=utf-8', 'Content-Length': '57', 'Connection': 'keep-alive', 'X-Powered-By': 'Express', 'Access-Control-Allow-Origin': '*', 'Etag': 'W/"39-6jrJxn+7f+pQUhbPgNMst7tagpA"', 'Via': '1.1 vegur', 'CF-Cache-Status': 'DYNAMIC', 'Report-To': '{"endpoints":[{"url":"https:\\/\\/a.nel.cloudflare.com\\/report\\/v3?s=YijkZB5V%2FCQS1tyrWMHayB3wdxaEkPVNLPxJ%2Fh2PcAM36yH6RHXX5I4rHNLsLpVXhSDQ6%2FHwolEHsTAbhl4WNUQiHNqPVMKGaOSbAo2Ue9eNvcpql5eV9%2FSPVw%3D%3D"}],"group":"cf-nel","max_age":604800}', 'NEL': '{"success_fraction":0,"report_to":"cf-nel","max_age":604800}', 'Server': 'cloudflare', 'CF-RAY': '7faadf4ece649db0-DME'}
Response cookies: {}

-----
