
-----
Test:test_user_register.py::TestUserRegister::test_create_user_successfull (call)
Time:2023-08-22 06:08:09.086504
Request method: POST
Request URL: https://reqres.in/api/register
Request data: {'password': 'pistol', 'email': 'eve.holt@reqres.in'}
Request headers: {}
Request cookies: {}

Response code: 200
Response text: {"id":4,"token":"QpwL5tke4Pnpja7X4"}
Response header: {'Date': 'Tue, 22 Aug 2023 03:08:09 GMT', 'Content-Type': 'application/json; charset=utf-8', 'Content-Length': '36', 'Connection': 'keep-alive', 'X-Powered-By': 'Express', 'Access-Control-Allow-Origin': '*', 'Etag': 'W/"24-4iP0za1geN2he+ohu8F0FhCjLks"', 'Via': '1.1 vegur', 'CF-Cache-Status': 'DYNAMIC', 'Report-To': '{"endpoints":[{"url":"https:\\/\\/a.nel.cloudflare.com\\/report\\/v3?s=esFnGLMnuEXr95ncApTGQyIyFHl5wWujF%2BpfJpvYrzuV4hetowNmCCSSB6v8cgZ0gckfyPToiG7KsIz2rtCWqdVdSYUFA2SAKOSKKTZJwgq98dTSZa1HTyOHqg%3D%3D"}],"group":"cf-nel","max_age":604800}', 'NEL': '{"success_fraction":0,"report_to":"cf-nel","max_age":604800}', 'Server': 'cloudflare', 'CF-RAY': '7fa7e8de8f7e00b0-DME'}
Response cookies: {}

-----

-----
Test:test_user_register.py::TestUserRegister::test_create_user_unsuccessful (call)
Time:2023-08-22 06:08:09.348970
Request method: POST
Request URL: https://reqres.in/api/register
Request data: {'password': 'Nope', 'email': 'FergusAndersen@reqres.in'}
Request headers: {}
Request cookies: {}

Response code: 400
Response text: {"error":"Note: Only defined users succeed registration"}
Response header: {'Date': 'Tue, 22 Aug 2023 03:08:09 GMT', 'Content-Type': 'application/json; charset=utf-8', 'Content-Length': '57', 'Connection': 'keep-alive', 'X-Powered-By': 'Express', 'Access-Control-Allow-Origin': '*', 'Etag': 'W/"39-6jrJxn+7f+pQUhbPgNMst7tagpA"', 'Via': '1.1 vegur', 'CF-Cache-Status': 'DYNAMIC', 'Report-To': '{"endpoints":[{"url":"https:\\/\\/a.nel.cloudflare.com\\/report\\/v3?s=oo3hppenIlF5TTiYtR%2FHmjPmekG%2BTqoiFezLZTN%2FReUfJhvmo30uDftKk1ohe5Lil9uXOdKgVyY6ZB6iUSytiXCZG9mllt%2B%2F2qbAHR6k%2BG8SqoK3E0Q940kk3A%3D%3D"}],"group":"cf-nel","max_age":604800}', 'NEL': '{"success_fraction":0,"report_to":"cf-nel","max_age":604800}', 'Server': 'cloudflare', 'CF-RAY': '7fa7e8e03c712de6-DME'}
Response cookies: {}

-----
