
-----
Test:tests/test_user_auth.py::TestUserAuth::test_auth_user (setup)
Time:2023-07-18 08:30:20.745074
Request method: POST
Request URL: https://playground.learnqa.ru/api/user/login
Request data: {'email': 'vinkotov@example.com', 'password': '1234'}
Request headers: {}
Request cookies: {}

Response code: 200
Response text: {"user_id":2}
Response header: {'Date': 'Tue, 18 Jul 2023 08:30:20 GMT', 'Content-Type': 'application/json', 'Content-Length': '13', 'Connection': 'keep-alive', 'Keep-Alive': 'timeout=10', 'Server': 'Apache', 'Set-Cookie': 'auth_sid=f2658a73267369014e6d931804f8e08102e94918f1549272bcf2cafc2634fd9d', 'x-csrf-token': '777d27bc315ab23b8ee39b9385cf7319addbc76202e94918f1549272bcf2cafc2634fd9d', 'Cache-Control': 'max-age=0', 'Expires': 'Tue, 18 Jul 2023 08:30:20 GMT'}
Response cookies: {'auth_sid': 'f2658a73267369014e6d931804f8e08102e94918f1549272bcf2cafc2634fd9d'}

-----

-----
Test:tests/test_user_auth.py::TestUserAuth::test_auth_user (call)
Time:2023-07-18 08:30:21.051809
Request method: GET
Request URL: https://playground.learnqa.ru/api/user/auth
Request data: None
Request headers: {'x-csrf-token': '777d27bc315ab23b8ee39b9385cf7319addbc76202e94918f1549272bcf2cafc2634fd9d'}
Request cookies: {'auth_sid': 'f2658a73267369014e6d931804f8e08102e94918f1549272bcf2cafc2634fd9d'}

Response code: 200
Response text: {"user_id":2}
Response header: {'Date': 'Tue, 18 Jul 2023 08:30:21 GMT', 'Content-Type': 'application/json', 'Content-Length': '13', 'Connection': 'keep-alive', 'Keep-Alive': 'timeout=10', 'Server': 'Apache', 'Cache-Control': 'max-age=0', 'Expires': 'Tue, 18 Jul 2023 08:30:21 GMT'}
Response cookies: {}

-----

-----
Test:tests/test_user_auth.py::TestUserAuth::test_negative_auth_check[no_cookie] (setup)
Time:2023-07-18 08:30:21.284588
Request method: POST
Request URL: https://playground.learnqa.ru/api/user/login
Request data: {'email': 'vinkotov@example.com', 'password': '1234'}
Request headers: {}
Request cookies: {}

Response code: 200
Response text: {"user_id":2}
Response header: {'Date': 'Tue, 18 Jul 2023 08:30:21 GMT', 'Content-Type': 'application/json', 'Content-Length': '13', 'Connection': 'keep-alive', 'Keep-Alive': 'timeout=10', 'Server': 'Apache', 'Set-Cookie': 'auth_sid=1771eba98cc2c1be04e29e3f87e18bd002e94918f1549272bcf2cafc2634fd9d', 'x-csrf-token': '0d1a2eb654cae1ec5524745c4fdde22eddab7c4302e94918f1549272bcf2cafc2634fd9d', 'Cache-Control': 'max-age=0', 'Expires': 'Tue, 18 Jul 2023 08:30:21 GMT'}
Response cookies: {'auth_sid': '1771eba98cc2c1be04e29e3f87e18bd002e94918f1549272bcf2cafc2634fd9d'}

-----

-----
Test:tests/test_user_auth.py::TestUserAuth::test_negative_auth_check[no_cookie] (call)
Time:2023-07-18 08:30:21.400131
Request method: GET
Request URL: https://playground.learnqa.ru/api/user/auth
Request data: None
Request headers: {'X-CSRFToken': '0d1a2eb654cae1ec5524745c4fdde22eddab7c4302e94918f1549272bcf2cafc2634fd9d'}
Request cookies: {}

Response code: 200
Response text: {"user_id":0}
Response header: {'Date': 'Tue, 18 Jul 2023 08:30:21 GMT', 'Content-Type': 'application/json', 'Content-Length': '13', 'Connection': 'keep-alive', 'Keep-Alive': 'timeout=10', 'Server': 'Apache', 'Cache-Control': 'max-age=0', 'Expires': 'Tue, 18 Jul 2023 08:30:21 GMT'}
Response cookies: {}

-----

-----
Test:tests/test_user_auth.py::TestUserAuth::test_negative_auth_check[no_token] (setup)
Time:2023-07-18 08:30:21.648639
Request method: POST
Request URL: https://playground.learnqa.ru/api/user/login
Request data: {'email': 'vinkotov@example.com', 'password': '1234'}
Request headers: {}
Request cookies: {}

Response code: 200
Response text: {"user_id":2}
Response header: {'Date': 'Tue, 18 Jul 2023 08:30:21 GMT', 'Content-Type': 'application/json', 'Content-Length': '13', 'Connection': 'keep-alive', 'Keep-Alive': 'timeout=10', 'Server': 'Apache', 'Set-Cookie': 'auth_sid=611f0e96ae2b693d8591bde34f13063602e94918f1549272bcf2cafc2634fd9d', 'x-csrf-token': '0f9115a244b149a9f00ee20ee87a3ea0033efc5c02e94918f1549272bcf2cafc2634fd9d', 'Cache-Control': 'max-age=0', 'Expires': 'Tue, 18 Jul 2023 08:30:21 GMT'}
Response cookies: {'auth_sid': '611f0e96ae2b693d8591bde34f13063602e94918f1549272bcf2cafc2634fd9d'}

-----

-----
Test:tests/test_user_auth.py::TestUserAuth::test_negative_auth_check[no_token] (call)
Time:2023-07-18 08:30:21.786545
Request method: GET
Request URL: https://playground.learnqa.ru/api/user/auth
Request data: None
Request headers: {}
Request cookies: {'auth_sid': '611f0e96ae2b693d8591bde34f13063602e94918f1549272bcf2cafc2634fd9d'}

Response code: 200
Response text: {"user_id":0}
Response header: {'Date': 'Tue, 18 Jul 2023 08:30:21 GMT', 'Content-Type': 'application/json', 'Content-Length': '13', 'Connection': 'keep-alive', 'Keep-Alive': 'timeout=10', 'Server': 'Apache', 'Cache-Control': 'max-age=0', 'Expires': 'Tue, 18 Jul 2023 08:30:21 GMT'}
Response cookies: {}

-----

-----
Test:tests/test_user_edit.py::TestUserEdit::test_edit_just_created_user (call)
Time:2023-07-18 08:30:22.056386
Request method: POST
Request URL: https://playground.learnqa.ru/api/user/
Request data: {'password': '123', 'username': 'learnqa', 'firstName': 'learnqa', 'lastName': 'learnqa', 'email': 'learnqa07-18-202308%M22@example.com'}
Request headers: {}
Request cookies: {}

Response code: 200
Response text: {"id":"75950"}
Response header: {'Date': 'Tue, 18 Jul 2023 08:30:22 GMT', 'Content-Type': 'application/json', 'Content-Length': '14', 'Connection': 'keep-alive', 'Keep-Alive': 'timeout=10', 'Server': 'Apache', 'Cache-Control': 'max-age=0', 'Expires': 'Tue, 18 Jul 2023 08:30:22 GMT'}
Response cookies: {}

-----

-----
Test:tests/test_user_edit.py::TestUserEdit::test_edit_just_created_user (call)
Time:2023-07-18 08:30:22.698891
Request method: POST
Request URL: https://playground.learnqa.ru/api/user/login
Request data: {'email': 'learnqa07-18-202308%M22@example.com', 'password': '123'}
Request headers: {}
Request cookies: {}

Response code: 200
Response text: {"user_id":75950}
Response header: {'Date': 'Tue, 18 Jul 2023 08:30:22 GMT', 'Content-Type': 'application/json', 'Content-Length': '17', 'Connection': 'keep-alive', 'Keep-Alive': 'timeout=10', 'Server': 'Apache', 'Set-Cookie': 'auth_sid=7c96cb03f8185c163c6e9d92a974e4fb3ed836fa21f25af46029983e0a166a0f', 'x-csrf-token': 'c017c6f2d399d51bb7fec73ebadbd29c5251bb603ed836fa21f25af46029983e0a166a0f', 'Cache-Control': 'max-age=0', 'Expires': 'Tue, 18 Jul 2023 08:30:22 GMT'}
Response cookies: {'auth_sid': '7c96cb03f8185c163c6e9d92a974e4fb3ed836fa21f25af46029983e0a166a0f'}

-----

-----
Test:tests/test_user_edit.py::TestUserEdit::test_edit_just_created_user (call)
Time:2023-07-18 08:30:22.834135
Request method: PUT
Request URL: https://playground.learnqa.ru/api/user/75950
Request data: {'firstName': 'Changed Name'}
Request headers: {'x-csrf-token': 'c017c6f2d399d51bb7fec73ebadbd29c5251bb603ed836fa21f25af46029983e0a166a0f'}
Request cookies: {'auth_sid': '7c96cb03f8185c163c6e9d92a974e4fb3ed836fa21f25af46029983e0a166a0f'}

Response code: 200
Response text: 
Response header: {'Date': 'Tue, 18 Jul 2023 08:30:23 GMT', 'Content-Type': 'text/html; charset=utf-8', 'Content-Length': '0', 'Connection': 'keep-alive', 'Keep-Alive': 'timeout=10', 'Server': 'Apache', 'Cache-Control': 'max-age=0', 'Expires': 'Tue, 18 Jul 2023 08:30:22 GMT'}
Response cookies: {}

-----

-----
Test:tests/test_user_edit.py::TestUserEdit::test_edit_just_created_user (call)
Time:2023-07-18 08:30:23.537434
Request method: GET
Request URL: https://playground.learnqa.ru/api/user/75950
Request data: None
Request headers: {'x-csrf-token': 'c017c6f2d399d51bb7fec73ebadbd29c5251bb603ed836fa21f25af46029983e0a166a0f'}
Request cookies: {'auth_sid': '7c96cb03f8185c163c6e9d92a974e4fb3ed836fa21f25af46029983e0a166a0f'}

Response code: 200
Response text: {"id":"75950","username":"learnqa","email":"learnqa07-18-202308%M22@example.com","firstName":"Changed Name","lastName":"learnqa"}
Response header: {'Date': 'Tue, 18 Jul 2023 08:30:24 GMT', 'Content-Type': 'application/json', 'Transfer-Encoding': 'chunked', 'Connection': 'keep-alive', 'Keep-Alive': 'timeout=10', 'Vary': 'Accept-Encoding', 'Server': 'Apache', 'Cache-Control': 'max-age=0', 'Expires': 'Tue, 18 Jul 2023 08:30:23 GMT', 'Content-Encoding': 'gzip'}
Response cookies: {}

-----

-----
Test:tests/test_user_get.py::TestUserGet::test_get_user_details_not_auth (call)
Time:2023-07-18 08:30:24.161335
Request method: GET
Request URL: https://playground.learnqa.ru/api/user/2
Request data: None
Request headers: {}
Request cookies: {}

Response code: 200
Response text: {"username":"Vitaliy"}
Response header: {'Date': 'Tue, 18 Jul 2023 08:30:24 GMT', 'Content-Type': 'application/json', 'Transfer-Encoding': 'chunked', 'Connection': 'keep-alive', 'Keep-Alive': 'timeout=10', 'Vary': 'Accept-Encoding', 'Server': 'Apache', 'Cache-Control': 'max-age=0', 'Expires': 'Tue, 18 Jul 2023 08:30:24 GMT', 'Content-Encoding': 'gzip'}
Response cookies: {}

-----

-----
Test:tests/test_user_get.py::TestUserGet::test_get_user_details_auth_as_same_user (call)
Time:2023-07-18 08:30:24.864518
Request method: POST
Request URL: https://playground.learnqa.ru/api/user/login
Request data: {'email': 'vinkotov@example.com', 'password': '1234'}
Request headers: {}
Request cookies: {}

Response code: 200
Response text: {"user_id":2}
Response header: {'Date': 'Tue, 18 Jul 2023 08:30:24 GMT', 'Content-Type': 'application/json', 'Content-Length': '13', 'Connection': 'keep-alive', 'Keep-Alive': 'timeout=10', 'Server': 'Apache', 'Set-Cookie': 'auth_sid=0b34f1988c2a5922be046a32104ed0ca02e94918f1549272bcf2cafc2634fd9d', 'x-csrf-token': '769b234b17d257a31e49b0b8540036fb05510f8302e94918f1549272bcf2cafc2634fd9d', 'Cache-Control': 'max-age=0', 'Expires': 'Tue, 18 Jul 2023 08:30:24 GMT'}
Response cookies: {'auth_sid': '0b34f1988c2a5922be046a32104ed0ca02e94918f1549272bcf2cafc2634fd9d'}

-----

-----
Test:tests/test_user_get.py::TestUserGet::test_get_user_details_auth_as_same_user (call)
Time:2023-07-18 08:30:24.981454
Request method: GET
Request URL: https://playground.learnqa.ru/api/user/2
Request data: None
Request headers: {'x-csrf-token': '769b234b17d257a31e49b0b8540036fb05510f8302e94918f1549272bcf2cafc2634fd9d'}
Request cookies: {'auth_sid': '0b34f1988c2a5922be046a32104ed0ca02e94918f1549272bcf2cafc2634fd9d'}

Response code: 200
Response text: {"id":"2","username":"Vitaliy","email":"vinkotov@example.com","firstName":"Vitalii","lastName":"Kotov"}
Response header: {'Date': 'Tue, 18 Jul 2023 08:30:25 GMT', 'Content-Type': 'application/json', 'Transfer-Encoding': 'chunked', 'Connection': 'keep-alive', 'Keep-Alive': 'timeout=10', 'Vary': 'Accept-Encoding', 'Server': 'Apache', 'Cache-Control': 'max-age=0', 'Expires': 'Tue, 18 Jul 2023 08:30:24 GMT', 'Content-Encoding': 'gzip'}
Response cookies: {}

-----

-----
Test:tests/test_user_register.py::TestUserRegister::test_create_user_successfully (call)
Time:2023-07-18 08:30:25.681442
Request method: POST
Request URL: https://playground.learnqa.ru/api/user/
Request data: {'password': '123', 'username': 'learnqa', 'firstName': 'learnqa', 'lastName': 'learnqa', 'email': 'learnqa07-18-202308%M25@example.com'}
Request headers: {}
Request cookies: {}

Response code: 200
Response text: {"id":"75951"}
Response header: {'Date': 'Tue, 18 Jul 2023 08:30:26 GMT', 'Content-Type': 'application/json', 'Content-Length': '14', 'Connection': 'keep-alive', 'Keep-Alive': 'timeout=10', 'Server': 'Apache', 'Cache-Control': 'max-age=0', 'Expires': 'Tue, 18 Jul 2023 08:30:25 GMT'}
Response cookies: {}

-----

-----
Test:tests/test_user_register.py::TestUserRegister::test_create_user_with_existing_email (call)
Time:2023-07-18 08:30:26.339132
Request method: POST
Request URL: https://playground.learnqa.ru/api/user/
Request data: {'password': '123', 'username': 'learnqa', 'firstName': 'learnqa', 'lastName': 'learnqa', 'email': 'vinkotov@example.com'}
Request headers: {}
Request cookies: {}

Response code: 400
Response text: Users with email 'vinkotov@example.com' already exists
Response header: {'Date': 'Tue, 18 Jul 2023 08:30:26 GMT', 'Content-Type': 'text/html; charset=utf-8', 'Content-Length': '54', 'Connection': 'keep-alive', 'Keep-Alive': 'timeout=10', 'Server': 'Apache'}
Response cookies: {}

-----
